<?xml version="1.0" encoding="UTF-8"?>
<testsuite xmlns:xsi="http://www.w3.org/2001/XMLSchema-instance" xsi:noNamespaceSchemaLocation="https://maven.apache.org/surefire/maven-surefire-plugin/xsd/surefire-test-report-3.0.xsd" version="3.0" name="org.javaoop.Week4.Week4Test" time="0.037" tests="15" errors="0" skipped="0" failures="0">
  <properties>
[...]
</properties>
  <testcase name="testMinArray1" classname="org.javaoop.Week4.Week4Test" time="0.003"/>
  <testcase name="testMinArray2" classname="org.javaoop.Week4.Week4Test" time="0.0"/>
  <testcase name="testMinArray3" classname="org.javaoop.Week4.Week4Test" time="0.0"/>
  <testcase name="testMinArray4" classname="org.javaoop.Week4.Week4Test" time="0.0"/>
  <testcase name="testMinArray5" classname="org.javaoop.Week4.Week4Test" time="0.0"/>
  <testcase name="testMax2Int1" classname="org.javaoop.Week4.Week4Test" time="0.0"/>
  <testcase name="testMax2Int2" classname="org.javaoop.Week4.Week4Test" time="0.0"/>
  <testcase name="testMax2Int3" classname="org.javaoop.Week4.Week4Test" time="0.0"/>
  <testcase name="testMax2Int4" classname="org.javaoop.Week4.Week4Test" time="0.0"/>
  <testcase name="testMax2Int5" classname="org.javaoop.Week4.Week4Test" time="0.0"/>
  <testcase name="testCalculateBMI1" classname="org.javaoop.Week4.Week4Test" time="0.003">
    <system-out><![CDATA[15.570934256055365
]]></system-out>
  </testcase>
  <testcase name="testCalculateBMI2" classname="org.javaoop.Week4.Week4Test" time="0.0">
    <system-out><![CDATA[20.761245674740486
]]></system-out>
  </testcase>
  <testcase name="testCalculateBMI3" classname="org.javaoop.Week4.Week4Test" time="0.0">
    <system-out><![CDATA[24.221453287197235
]]></system-out>
  </testcase>
  <testcase name="testCalculateBMI4" classname="org.javaoop.Week4.Week4Test" time="0.0">
    <system-out><![CDATA[31.14186851211073
]]></system-out>
  </testcase>
  <testcase name="testCalculateBMI5" classname="org.javaoop.Week4.Week4Test" time="0.0">
    <system-out><![CDATA[18.36547291092746
]]></system-out>
  </testcase>
</testsuite>